0 info it worked if it ends with ok
1 verbose cli [ '/usr/local/bin/node',
1 verbose cli   '/usr/local/bin/npm',
1 verbose cli   'install',
1 verbose cli   '-g',
1 verbose cli   'reload' ]
2 info using npm@2.15.5
3 info using node@v4.4.5
4 verbose install initial load of /usr/local/lib/package.json
5 verbose readDependencies loading dependencies from /usr/local/lib/package.json
6 silly cache add args [ 'reload', null ]
7 verbose cache add spec reload
8 silly cache add parsed spec Result {
8 silly cache add   raw: 'reload',
8 silly cache add   scope: null,
8 silly cache add   name: 'reload',
8 silly cache add   rawSpec: '',
8 silly cache add   spec: 'latest',
8 silly cache add   type: 'tag' }
9 silly addNamed reload@latest
10 verbose addNamed "latest" is being treated as a dist-tag for reload
11 info addNameTag [ 'reload', 'latest' ]
12 silly mapToRegistry name reload
13 silly mapToRegistry using default registry
14 silly mapToRegistry registry https://registry.npmjs.org/
15 silly mapToRegistry data Result {
15 silly mapToRegistry   raw: 'reload',
15 silly mapToRegistry   scope: null,
15 silly mapToRegistry   name: 'reload',
15 silly mapToRegistry   rawSpec: '',
15 silly mapToRegistry   spec: 'latest',
15 silly mapToRegistry   type: 'tag' }
16 silly mapToRegistry uri https://registry.npmjs.org/reload
17 verbose addNameTag registry:https://registry.npmjs.org/reload not in flight; fetching
18 verbose request uri https://registry.npmjs.org/reload
19 verbose request no auth needed
20 info attempt registry request try #1 at 4:35:21 PM
21 verbose request id 8b3ee99c69da53a7
22 verbose etag "1KWPARQ6WO3HPWAS0SXB45KBT"
23 http request GET https://registry.npmjs.org/reload
24 http 304 https://registry.npmjs.org/reload
25 verbose headers { date: 'Sun, 28 Aug 2016 23:35:22 GMT',
25 verbose headers   via: '1.1 varnish',
25 verbose headers   'cache-control': 'max-age=300',
25 verbose headers   etag: '"1KWPARQ6WO3HPWAS0SXB45KBT"',
25 verbose headers   age: '18',
25 verbose headers   connection: 'keep-alive',
25 verbose headers   'x-served-by': 'cache-sea1927-SEA',
25 verbose headers   'x-cache': 'HIT',
25 verbose headers   'x-cache-hits': '1',
25 verbose headers   'x-timer': 'S1472427322.631658,VS0,VE0',
25 verbose headers   vary: 'Accept-Encoding' }
26 silly get cb [ 304,
26 silly get   { date: 'Sun, 28 Aug 2016 23:35:22 GMT',
26 silly get     via: '1.1 varnish',
26 silly get     'cache-control': 'max-age=300',
26 silly get     etag: '"1KWPARQ6WO3HPWAS0SXB45KBT"',
26 silly get     age: '18',
26 silly get     connection: 'keep-alive',
26 silly get     'x-served-by': 'cache-sea1927-SEA',
26 silly get     'x-cache': 'HIT',
26 silly get     'x-cache-hits': '1',
26 silly get     'x-timer': 'S1472427322.631658,VS0,VE0',
26 silly get     vary: 'Accept-Encoding' } ]
27 verbose etag https://registry.npmjs.org/reload from cache
28 verbose get saving reload to /Users/elizabethakari/.npm/registry.npmjs.org/reload/.cache.json
29 verbose correctMkdir /Users/elizabethakari/.npm correctMkdir not in flight; initializing
30 silly addNameTag next cb for reload with tag latest
31 silly addNamed reload@1.0.1
32 verbose addNamed "1.0.1" is a plain semver version for reload
33 silly cache afterAdd reload@1.0.1
34 verbose afterAdd /Users/elizabethakari/.npm/reload/1.0.1/package/package.json not in flight; writing
35 verbose correctMkdir /Users/elizabethakari/.npm correctMkdir not in flight; initializing
36 verbose afterAdd /Users/elizabethakari/.npm/reload/1.0.1/package/package.json written
37 silly install resolved [ { name: 'reload',
37 silly install resolved     version: '1.0.1',
37 silly install resolved     description: 'Node.js module to refresh and reload your code in your browser when your code changes. No browser plugins required.',
37 silly install resolved     repository:
37 silly install resolved      { type: 'git',
37 silly install resolved        url: 'git+ssh://git@github.com/jprichardson/reload.git' },
37 silly install resolved     keywords: [ 'reload', 'refresh', 'http', 'express', 'development' ],
37 silly install resolved     author: { name: 'JP Richardson', email: 'jprichardson@gmail.com' },
37 silly install resolved     contributors: [ [Object] ],
37 silly install resolved     license: 'MIT',
37 silly install resolved     dependencies:
37 silly install resolved      { supervisor: '~0.11.0',
37 silly install resolved        commander: '~2.9.0',
37 silly install resolved        express: '~4.14.0',
37 silly install resolved        'cli-color': '~1.1.0',
37 silly install resolved        open: '~0.0.5',
37 silly install resolved        death: '~1.0.0',
37 silly install resolved        ws: '~1.1.1',
37 silly install resolved        minimist: '~1.2.0' },
37 silly install resolved     devDependencies: { standard: '^7.1.2' },
37 silly install resolved     main: './lib/reload.js',
37 silly install resolved     scripts: { standard: 'standard', test: 'npm run standard' },
37 silly install resolved     bin: { reload: './bin/reload' },
37 silly install resolved     gitHead: 'adbcfa66fe5628a5ab2cdc4dece4cfa83dc52633',
37 silly install resolved     bugs: { url: 'https://github.com/jprichardson/reload/issues' },
37 silly install resolved     homepage: 'https://github.com/jprichardson/reload#readme',
37 silly install resolved     _id: 'reload@1.0.1',
37 silly install resolved     _shasum: 'a97acb00ebaecf9c0adbfbb274116b8763f5d628',
37 silly install resolved     _from: 'reload@latest',
37 silly install resolved     _npmVersion: '3.10.3',
37 silly install resolved     _nodeVersion: '6.3.0',
37 silly install resolved     _npmUser: { name: 'alallier', email: 'alexanderlallier@aol.com' },
37 silly install resolved     dist:
37 silly install resolved      { shasum: 'a97acb00ebaecf9c0adbfbb274116b8763f5d628',
37 silly install resolved        tarball: 'https://registry.npmjs.org/reload/-/reload-1.0.1.tgz' },
37 silly install resolved     maintainers: [ [Object], [Object], [Object] ],
37 silly install resolved     _npmOperationalInternal:
37 silly install resolved      { host: 'packages-12-west.internal.npmjs.com',
37 silly install resolved        tmp: 'tmp/reload-1.0.1.tgz_1468597952778_0.5999212667811662' },
37 silly install resolved     directories: {},
37 silly install resolved     _resolved: 'https://registry.npmjs.org/reload/-/reload-1.0.1.tgz',
37 silly install resolved     readme: 'ERROR: No README data found!' } ]
38 info install reload@1.0.1 into /usr/local/lib
39 info installOne reload@1.0.1
40 verbose installOne of reload to /usr/local/lib not in flight; installing
41 verbose correctMkdir /Users/elizabethakari/.npm/_locks correctMkdir not in flight; initializing
42 verbose lock using /Users/elizabethakari/.npm/_locks/reload-e748a741aacfca2a.lock for /usr/local/lib/node_modules/reload
43 silly install write writing reload 1.0.1 to /usr/local/lib/node_modules/reload
44 verbose unbuild lib/node_modules/reload
45 info preuninstall reload@1.0.1
46 info uninstall reload@1.0.1
47 verbose unbuild rmStuff reload@1.0.1 from /usr/local/lib/node_modules
48 silly gentlyRm /usr/local/bin/reload is being gently removed
49 silly gentlyRm verifying /usr/local is an npm working directory
50 silly gentlyRm containing path /usr/local is under npm's control, in /usr/local
51 silly gentlyRm deletion target /usr/local/bin/reload is under /usr/local
52 verbose gentlyRm vacuuming from /usr/local/bin/reload up to /usr/local
53 silly vacuum-fs removing /usr/local/bin/reload
54 silly vacuum-fs quitting because other entries in /usr/local/bin
55 info postuninstall reload@1.0.1
56 silly gentlyRm /usr/local/lib/node_modules/reload is being purged from base /usr/local
57 verbose gentlyRm don't care about contents; nuking /usr/local/lib/node_modules/reload
58 silly vacuum-fs purging /usr/local/lib/node_modules/reload
59 verbose unlock done using /Users/elizabethakari/.npm/_locks/reload-e748a741aacfca2a.lock for /usr/local/lib/node_modules/reload
60 verbose stack Error: EACCES: permission denied, rmdir '/usr/local/lib/node_modules/reload'
60 verbose stack     at Error (native)
61 verbose cwd /Users/elizabethakari/natura
62 error Darwin 15.6.0
63 error argv "/usr/local/bin/node" "/usr/local/bin/npm" "install" "-g" "reload"
64 error node v4.4.5
65 error npm  v2.15.5
66 error path /usr/local/lib/node_modules/reload
67 error code EACCES
68 error errno -13
69 error syscall rmdir
70 error Error: EACCES: permission denied, rmdir '/usr/local/lib/node_modules/reload'
70 error     at Error (native)
70 error  { [Error: EACCES: permission denied, rmdir '/usr/local/lib/node_modules/reload']
70 error   errno: -13,
70 error   code: 'EACCES',
70 error   syscall: 'rmdir',
70 error   path: '/usr/local/lib/node_modules/reload' }
71 error Please try running this command again as root/Administrator.
72 verbose exit [ -13, true ]
73 verbose unbuild lib/node_modules/reload
74 info preuninstall reload@1.0.1
75 info uninstall reload@1.0.1
76 verbose unbuild rmStuff reload@1.0.1 from /usr/local/lib/node_modules
77 silly gentlyRm /usr/local/bin/reload is being gently removed
78 silly gentlyRm verifying /usr/local is an npm working directory
79 silly gentlyRm containing path /usr/local is under npm's control, in /usr/local
80 silly gentlyRm deletion target /usr/local/bin/reload is under /usr/local
81 verbose gentlyRm vacuuming from /usr/local/bin/reload up to /usr/local
82 info postuninstall reload@1.0.1
83 silly gentlyRm /usr/local/lib/node_modules/reload is being purged from base /usr/local
84 verbose gentlyRm don't care about contents; nuking /usr/local/lib/node_modules/reload
85 silly vacuum-fs purging /usr/local/lib/node_modules/reload
86 error error rolling back Error: EACCES: permission denied, rmdir '/usr/local/lib/node_modules/reload'
86 error error rolling back     at Error (native)
86 error error rolling back  { [Error: EACCES: permission denied, rmdir '/usr/local/lib/node_modules/reload']
86 error error rolling back   errno: -13,
86 error error rolling back   code: 'EACCES',
86 error error rolling back   syscall: 'rmdir',
86 error error rolling back   path: '/usr/local/lib/node_modules/reload' }
